<?xml version="1.0" encoding="UTF-8"?>
<testsuite name="it.stefanoberlato.oabe.OpenPKEContextTest" tests="7" skipped="0" failures="0" errors="0" timestamp="2022-05-30T15:35:37" hostname="sberlato" time="0.012">
  <properties/>
  <testcase name="decrypt tampered ciphertext with the same key fails[jvm]" classname="it.stefanoberlato.oabe.OpenPKEContextTest" time="0.003"/>
  <testcase name="export public and private user key without importing it first fails[jvm]" classname="it.stefanoberlato.oabe.OpenPKEContextTest" time="0.001"/>
  <testcase name="decrypt with different key fails[jvm]" classname="it.stefanoberlato.oabe.OpenPKEContextTest" time="0.002"/>
  <testcase name="encrypt and decrypt with the same key works[jvm]" classname="it.stefanoberlato.oabe.OpenPKEContextTest" time="0.001"/>
  <testcase name="import user key and export user key works[jvm]" classname="it.stefanoberlato.oabe.OpenPKEContextTest" time="0.001"/>
  <testcase name="invoke any function after destroy fails[jvm]" classname="it.stefanoberlato.oabe.OpenPKEContextTest" time="0.0"/>
  <testcase name="encrypt and decrypt with non existing key fails[jvm]" classname="it.stefanoberlato.oabe.OpenPKEContextTest" time="0.003"/>
  <system-out><![CDATA[]]></system-out>
  <system-err><![CDATA[]]></system-err>
</testsuite>
