<?xml version="1.0" encoding="UTF-8"?>
<testsuite name="it.stefanoberlato.OpenABECryptoContextTest" tests="1" skipped="0" failures="0" errors="0" timestamp="2022-10-05T09:38:42" hostname="sberlato" time="0.151">
  <properties/>
  <testcase name="sigsegvReplication[jvm]" classname="it.stefanoberlato.OpenABECryptoContextTest" time="0.151"/>
  <system-out><![CDATA[runBlocking:Thread[Test worker,5,main]
job:Thread[DefaultDispatcher-worker-1 @coroutine#2,5,main]
]]></system-out>
  <system-err><![CDATA[SLF4J: No SLF4J providers were found.
SLF4J: Defaulting to no-operation (NOP) logger implementation
SLF4J: See http://www.slf4j.org/codes.html#noProviders for further details.
]]></system-err>
</testsuite>
